{"/home/sax59/Documents/www/0223-JS/testLC/unitTest/sum.js": {"path":"/home/sax59/Documents/www/0223-JS/testLC/unitTest/sum.js","all":false,"statementMap":{"0":{"start":{"line":1,"column":0},"end":{"line":1,"column":23}},"1":{"start":{"line":2,"column":0},"end":{"line":2,"column":15}},"2":{"start":{"line":3,"column":0},"end":{"line":3,"column":2}},"3":{"start":{"line":4,"column":0},"end":{"line":4,"column":0}},"4":{"start":{"line":5,"column":0},"end":{"line":5,"column":21}}},"s":{"0":1,"1":1,"2":1,"3":1,"4":1},"branchMap":{"0":{"type":"branch","line":1,"loc":{"start":{"line":1,"column":12},"end":{"line":3,"column":2}},"locations":[{"start":{"line":1,"column":12},"end":{"line":3,"column":2}}]}},"b":{"0":[1]},"fnMap":{"0":{"name":"sum","decl":{"start":{"line":1,"column":12},"end":{"line":3,"column":2}},"loc":{"start":{"line":1,"column":12},"end":{"line":3,"column":2}},"line":1}},"f":{"0":1}}
}
